<?xml version="1.0" encoding="UTF-8"?>
<!-- Generated by org.testng.reporters.JUnitReportReporter -->
<testsuite hostname="DESKTOP-8POMCKJ" failures="0" tests="1" name="com.autodeskcrm.contacttest.CreateContactWithOrganizationName" time="63.176" errors="0" timestamp="5 Aug 2020 12:00:04 GMT">
  <testcase classname="com.autodeskcrm.contacttest.CreateContactWithOrganizationName" name="createContactWithOrgtest" time="63.176"/>
</testsuite> <!-- com.autodeskcrm.contacttest.CreateContactWithOrganizationName -->
