<?xml version="1.0" encoding="UTF-8"?>
<!-- Generated by org.testng.reporters.JUnitReportReporter -->
<testsuite hostname="DESKTOP-8POMCKJ" failures="0" tests="1" name="com.autodeskcrm.orgtest.CreateOrganizationTest" time="28.795" errors="0" timestamp="5 Aug 2020 11:53:31 GMT">
  <testcase classname="com.autodeskcrm.orgtest.CreateOrganizationTest" name="createOrganization" time="28.795"/>
</testsuite> <!-- com.autodeskcrm.orgtest.CreateOrganizationTest -->
