<?xml version="1.0" encoding="UTF-8"?>
<!-- Generated by org.testng.reporters.JUnitReportReporter -->
<testsuite hostname="DESKTOP-8POMCKJ" failures="0" tests="1" name="com.autodeskcrm.orgtest.DeleteOrganizationAndVerifyDeleteTest" time="36.519" errors="0" timestamp="5 Aug 2020 11:54:49 GMT">
  <testcase classname="com.autodeskcrm.orgtest.DeleteOrganizationAndVerifyDeleteTest" name="deleteOrgAndVerify" time="36.519"/>
</testsuite> <!-- com.autodeskcrm.orgtest.DeleteOrganizationAndVerifyDeleteTest -->
