<?xml version="1.0" encoding="UTF-8"?>
<!-- Generated by org.testng.reporters.JUnitReportReporter -->
<testsuite hostname="DESKTOP-8POMCKJ" failures="0" tests="1" name="com.autodeskcrm.contacttest.CreateContactAndDeleteContactAswellAsOrg" time="78.901" errors="0" timestamp="5 Aug 2020 11:57:39 GMT">
  <testcase classname="com.autodeskcrm.contacttest.CreateContactAndDeleteContactAswellAsOrg" name="deletContact" time="78.901"/>
</testsuite> <!-- com.autodeskcrm.contacttest.CreateContactAndDeleteContactAswellAsOrg -->
